<?xml version="1.0" encoding="UTF-8"?>
<testng-results ignored="0" total="1" passed="1" failed="0" skipped="0">
  <reporter-output>
  </reporter-output>
  <suite started-at="2024-07-31T13:59:27 CDT" name="Default suite" finished-at="2024-07-31T13:59:31 CDT" duration-ms="4470">
    <groups>
    </groups>
    <test started-at="2024-07-31T13:59:27 CDT" name="Default test" finished-at="2024-07-31T13:59:31 CDT" duration-ms="4470">
      <class name="Gettingstarted.Assg2NonBDD">
        <test-method signature="getUsers()[pri:0, instance:Gettingstarted.Assg2NonBDD@273e7444]" started-at="2024-07-31T13:59:27 CDT" name="getUsers" finished-at="2024-07-31T13:59:31 CDT" duration-ms="4417" status="PASS">
          <reporter-output>
          </reporter-output>
        </test-method> <!-- getUsers -->
      </class> <!-- Gettingstarted.Assg2NonBDD -->
    </test> <!-- Default test -->
  </suite> <!-- Default suite -->
</testng-results>
